INFO - 2020-04-02 00:02:27 --> Controller "App\Controllers\CheckoutController" loaded.
INFO - 2020-04-02 00:02:27 --> sfasfa11
INFO - 2020-04-02 00:02:27 --> test111
INFO - 2020-04-02 00:03:03 --> Controller "App\Controllers\CheckoutController" loaded.
INFO - 2020-04-02 00:03:03 --> sfasfa11
INFO - 2020-04-02 00:03:03 --> test111
INFO - 2020-04-02 17:08:17 --> Controller "App\Controllers\CheckoutController" loaded.
INFO - 2020-04-02 17:08:17 --> sfasfa11
INFO - 2020-04-02 17:08:17 --> test111
CRITICAL - 2020-04-02 07:16:58 --> Class App\Services\Impl\OrderService contains 1 abstract method and must therefore be declared abstract or implement the remaining methods (App\Services\IOrderService::queryOrder)
#0 [internal function]: CodeIgniter\Debug\Exceptions->shutdownHandler()
#1 {main}
INFO - 2020-04-02 20:17:23 --> Controller "App\Controllers\OrderController" loaded.
CRITICAL - 2020-04-02 20:17:23 --> Cannot use object of type stdClass as array
#0 D:\work\PrinterHrSite\code\webserver\printerhrserver\app\Services\Impl\OrderService.php(38): App\Models\OrderModel->queryOrders(Object(stdClass))
#1 D:\work\PrinterHrSite\code\webserver\printerhrserver\app\Controllers\OrderController.php(18): App\Services\Impl\OrderService->queryOrders(Object(stdClass))
#2 D:\work\PrinterHrSite\code\webserver\printerhrserver\system\CodeIgniter.php(910): App\Controllers\OrderController->index()
#3 D:\work\PrinterHrSite\code\webserver\printerhrserver\system\CodeIgniter.php(398): CodeIgniter\CodeIgniter->runController(Object(App\Controllers\OrderController))
#4 D:\work\PrinterHrSite\code\webserver\printerhrserver\system\CodeIgniter.php(306): CodeIgniter\CodeIgniter->handleRequest(NULL, Object(Config\Cache), false)
#5 D:\work\PrinterHrSite\code\webserver\printerhrserver\public\index.php(45): CodeIgniter\CodeIgniter->run()
#6 {main}
INFO - 2020-04-02 20:18:37 --> Controller "App\Controllers\OrderController" loaded.
CRITICAL - 2020-04-02 20:18:37 --> Cannot use object of type stdClass as array
#0 D:\work\PrinterHrSite\code\webserver\printerhrserver\app\Services\Impl\OrderService.php(38): App\Models\OrderModel->queryOrders(Object(stdClass))
#1 D:\work\PrinterHrSite\code\webserver\printerhrserver\app\Controllers\OrderController.php(18): App\Services\Impl\OrderService->queryOrders(Object(stdClass))
#2 D:\work\PrinterHrSite\code\webserver\printerhrserver\system\CodeIgniter.php(910): App\Controllers\OrderController->index()
#3 D:\work\PrinterHrSite\code\webserver\printerhrserver\system\CodeIgniter.php(398): CodeIgniter\CodeIgniter->runController(Object(App\Controllers\OrderController))
#4 D:\work\PrinterHrSite\code\webserver\printerhrserver\system\CodeIgniter.php(306): CodeIgniter\CodeIgniter->handleRequest(NULL, Object(Config\Cache), false)
#5 D:\work\PrinterHrSite\code\webserver\printerhrserver\public\index.php(45): CodeIgniter\CodeIgniter->run()
#6 {main}
INFO - 2020-04-02 20:21:58 --> Controller "App\Controllers\OrderController" loaded.
CRITICAL - 2020-04-02 20:22:00 --> Undefined property: stdClass::$pageindex
#0 D:\work\PrinterHrSite\code\webserver\printerhrserver\app\Models\OrderModel.php(59): CodeIgniter\Debug\Exceptions->errorHandler(8, 'Undefined prope...', 'D:\\work\\Printer...', 59, Array)
#1 D:\work\PrinterHrSite\code\webserver\printerhrserver\app\Services\Impl\OrderService.php(38): App\Models\OrderModel->queryOrders(Object(stdClass))
#2 D:\work\PrinterHrSite\code\webserver\printerhrserver\app\Controllers\OrderController.php(18): App\Services\Impl\OrderService->queryOrders(Object(stdClass))
#3 D:\work\PrinterHrSite\code\webserver\printerhrserver\system\CodeIgniter.php(910): App\Controllers\OrderController->index()
#4 D:\work\PrinterHrSite\code\webserver\printerhrserver\system\CodeIgniter.php(398): CodeIgniter\CodeIgniter->runController(Object(App\Controllers\OrderController))
#5 D:\work\PrinterHrSite\code\webserver\printerhrserver\system\CodeIgniter.php(306): CodeIgniter\CodeIgniter->handleRequest(NULL, Object(Config\Cache), false)
#6 D:\work\PrinterHrSite\code\webserver\printerhrserver\public\index.php(45): CodeIgniter\CodeIgniter->run()
#7 {main}
INFO - 2020-04-02 20:22:18 --> Controller "App\Controllers\OrderController" loaded.
CRITICAL - 2020-04-02 20:22:18 --> Undefined property: stdClass::$pageIndex
#0 D:\work\PrinterHrSite\code\webserver\printerhrserver\app\Models\OrderModel.php(59): CodeIgniter\Debug\Exceptions->errorHandler(8, 'Undefined prope...', 'D:\\work\\Printer...', 59, Array)
#1 D:\work\PrinterHrSite\code\webserver\printerhrserver\app\Services\Impl\OrderService.php(38): App\Models\OrderModel->queryOrders(Object(stdClass))
#2 D:\work\PrinterHrSite\code\webserver\printerhrserver\app\Controllers\OrderController.php(18): App\Services\Impl\OrderService->queryOrders(Object(stdClass))
#3 D:\work\PrinterHrSite\code\webserver\printerhrserver\system\CodeIgniter.php(910): App\Controllers\OrderController->index()
#4 D:\work\PrinterHrSite\code\webserver\printerhrserver\system\CodeIgniter.php(398): CodeIgniter\CodeIgniter->runController(Object(App\Controllers\OrderController))
#5 D:\work\PrinterHrSite\code\webserver\printerhrserver\system\CodeIgniter.php(306): CodeIgniter\CodeIgniter->handleRequest(NULL, Object(Config\Cache), false)
#6 D:\work\PrinterHrSite\code\webserver\printerhrserver\public\index.php(45): CodeIgniter\CodeIgniter->run()
#7 {main}
INFO - 2020-04-02 20:23:45 --> Controller "App\Controllers\OrderController" loaded.
CRITICAL - 2020-04-02 20:23:45 --> Undefined property: stdClass::$pageIndex
#0 D:\work\PrinterHrSite\code\webserver\printerhrserver\app\Models\OrderModel.php(59): CodeIgniter\Debug\Exceptions->errorHandler(8, 'Undefined prope...', 'D:\\work\\Printer...', 59, Array)
#1 D:\work\PrinterHrSite\code\webserver\printerhrserver\app\Services\Impl\OrderService.php(38): App\Models\OrderModel->queryOrders(Object(stdClass))
#2 D:\work\PrinterHrSite\code\webserver\printerhrserver\app\Controllers\OrderController.php(18): App\Services\Impl\OrderService->queryOrders(Object(stdClass))
#3 D:\work\PrinterHrSite\code\webserver\printerhrserver\system\CodeIgniter.php(910): App\Controllers\OrderController->index()
#4 D:\work\PrinterHrSite\code\webserver\printerhrserver\system\CodeIgniter.php(398): CodeIgniter\CodeIgniter->runController(Object(App\Controllers\OrderController))
#5 D:\work\PrinterHrSite\code\webserver\printerhrserver\system\CodeIgniter.php(306): CodeIgniter\CodeIgniter->handleRequest(NULL, Object(Config\Cache), false)
#6 D:\work\PrinterHrSite\code\webserver\printerhrserver\public\index.php(45): CodeIgniter\CodeIgniter->run()
#7 {main}
INFO - 2020-04-02 20:24:20 --> Controller "App\Controllers\OrderController" loaded.
CRITICAL - 2020-04-02 20:24:20 --> Trying to get property 'companyId' of non-object
#0 D:\work\PrinterHrSite\code\webserver\printerhrserver\app\Models\OrderModel.php(59): CodeIgniter\Debug\Exceptions->errorHandler(8, 'Trying to get p...', 'D:\\work\\Printer...', 59, Array)
#1 D:\work\PrinterHrSite\code\webserver\printerhrserver\app\Services\Impl\OrderService.php(38): App\Models\OrderModel->queryOrders(NULL)
#2 D:\work\PrinterHrSite\code\webserver\printerhrserver\app\Controllers\OrderController.php(18): App\Services\Impl\OrderService->queryOrders(NULL)
#3 D:\work\PrinterHrSite\code\webserver\printerhrserver\system\CodeIgniter.php(910): App\Controllers\OrderController->index()
#4 D:\work\PrinterHrSite\code\webserver\printerhrserver\system\CodeIgniter.php(398): CodeIgniter\CodeIgniter->runController(Object(App\Controllers\OrderController))
#5 D:\work\PrinterHrSite\code\webserver\printerhrserver\system\CodeIgniter.php(306): CodeIgniter\CodeIgniter->handleRequest(NULL, Object(Config\Cache), false)
#6 D:\work\PrinterHrSite\code\webserver\printerhrserver\public\index.php(45): CodeIgniter\CodeIgniter->run()
#7 {main}
INFO - 2020-04-02 20:24:53 --> Controller "App\Controllers\OrderController" loaded.
CRITICAL - 2020-04-02 20:24:53 --> Trying to get property 'companyId' of non-object
#0 D:\work\PrinterHrSite\code\webserver\printerhrserver\app\Models\OrderModel.php(59): CodeIgniter\Debug\Exceptions->errorHandler(8, 'Trying to get p...', 'D:\\work\\Printer...', 59, Array)
#1 D:\work\PrinterHrSite\code\webserver\printerhrserver\app\Services\Impl\OrderService.php(38): App\Models\OrderModel->queryOrders(NULL)
#2 D:\work\PrinterHrSite\code\webserver\printerhrserver\app\Controllers\OrderController.php(18): App\Services\Impl\OrderService->queryOrders(NULL)
#3 D:\work\PrinterHrSite\code\webserver\printerhrserver\system\CodeIgniter.php(910): App\Controllers\OrderController->index()
#4 D:\work\PrinterHrSite\code\webserver\printerhrserver\system\CodeIgniter.php(398): CodeIgniter\CodeIgniter->runController(Object(App\Controllers\OrderController))
#5 D:\work\PrinterHrSite\code\webserver\printerhrserver\system\CodeIgniter.php(306): CodeIgniter\CodeIgniter->handleRequest(NULL, Object(Config\Cache), false)
#6 D:\work\PrinterHrSite\code\webserver\printerhrserver\public\index.php(45): CodeIgniter\CodeIgniter->run()
#7 {main}
INFO - 2020-04-02 20:27:44 --> Controller "App\Controllers\OrderController" loaded.
CRITICAL - 2020-04-02 20:27:44 --> Trying to get property 'companyId' of non-object
#0 D:\work\PrinterHrSite\code\webserver\printerhrserver\app\Models\OrderModel.php(59): CodeIgniter\Debug\Exceptions->errorHandler(8, 'Trying to get p...', 'D:\\work\\Printer...', 59, Array)
#1 D:\work\PrinterHrSite\code\webserver\printerhrserver\app\Services\Impl\OrderService.php(38): App\Models\OrderModel->queryOrders(Array)
#2 D:\work\PrinterHrSite\code\webserver\printerhrserver\app\Controllers\OrderController.php(18): App\Services\Impl\OrderService->queryOrders(Array)
#3 D:\work\PrinterHrSite\code\webserver\printerhrserver\system\CodeIgniter.php(910): App\Controllers\OrderController->index()
#4 D:\work\PrinterHrSite\code\webserver\printerhrserver\system\CodeIgniter.php(398): CodeIgniter\CodeIgniter->runController(Object(App\Controllers\OrderController))
#5 D:\work\PrinterHrSite\code\webserver\printerhrserver\system\CodeIgniter.php(306): CodeIgniter\CodeIgniter->handleRequest(NULL, Object(Config\Cache), false)
#6 D:\work\PrinterHrSite\code\webserver\printerhrserver\public\index.php(45): CodeIgniter\CodeIgniter->run()
#7 {main}
INFO - 2020-04-02 20:28:36 --> Controller "App\Controllers\OrderController" loaded.
INFO - 2020-04-02 20:31:26 --> Controller "App\Controllers\OrderController" loaded.
INFO - 2020-04-02 20:31:53 --> Controller "App\Controllers\OrderController" loaded.
INFO - 2020-04-02 20:32:40 --> Controller "App\Controllers\OrderController" loaded.
CRITICAL - 2020-04-02 20:32:40 --> You have an error in your SQL syntax; check the manual that corresponds to your MySQL server version for the right syntax to use near '123'' limit '0' '10'' at line 1
#0 D:\work\PrinterHrSite\code\webserver\printerhrserver\system\Database\MySQLi\Connection.php(330): mysqli->query('select * from t...')
#1 D:\work\PrinterHrSite\code\webserver\printerhrserver\system\Database\BaseConnection.php(738): CodeIgniter\Database\MySQLi\Connection->execute('select * from t...')
#2 D:\work\PrinterHrSite\code\webserver\printerhrserver\system\Database\BaseConnection.php(666): CodeIgniter\Database\BaseConnection->simpleQuery('select * from t...')
#3 D:\work\PrinterHrSite\code\webserver\printerhrserver\app\Models\OrderModel.php(60): CodeIgniter\Database\BaseConnection->query('select * from t...')
#4 D:\work\PrinterHrSite\code\webserver\printerhrserver\app\Services\Impl\OrderService.php(38): App\Models\OrderModel->queryOrders(Array)
#5 D:\work\PrinterHrSite\code\webserver\printerhrserver\app\Controllers\OrderController.php(18): App\Services\Impl\OrderService->queryOrders(Array)
#6 D:\work\PrinterHrSite\code\webserver\printerhrserver\system\CodeIgniter.php(910): App\Controllers\OrderController->index()
#7 D:\work\PrinterHrSite\code\webserver\printerhrserver\system\CodeIgniter.php(398): CodeIgniter\CodeIgniter->runController(Object(App\Controllers\OrderController))
#8 D:\work\PrinterHrSite\code\webserver\printerhrserver\system\CodeIgniter.php(306): CodeIgniter\CodeIgniter->handleRequest(NULL, Object(Config\Cache), false)
#9 D:\work\PrinterHrSite\code\webserver\printerhrserver\public\index.php(45): CodeIgniter\CodeIgniter->run()
#10 {main}
INFO - 2020-04-02 20:33:00 --> Controller "App\Controllers\OrderController" loaded.
CRITICAL - 2020-04-02 20:33:00 --> You have an error in your SQL syntax; check the manual that corresponds to your MySQL server version for the right syntax to use near ''0' '10'' at line 1
#0 D:\work\PrinterHrSite\code\webserver\printerhrserver\system\Database\MySQLi\Connection.php(330): mysqli->query('select * from t...')
#1 D:\work\PrinterHrSite\code\webserver\printerhrserver\system\Database\BaseConnection.php(738): CodeIgniter\Database\MySQLi\Connection->execute('select * from t...')
#2 D:\work\PrinterHrSite\code\webserver\printerhrserver\system\Database\BaseConnection.php(666): CodeIgniter\Database\BaseConnection->simpleQuery('select * from t...')
#3 D:\work\PrinterHrSite\code\webserver\printerhrserver\app\Models\OrderModel.php(60): CodeIgniter\Database\BaseConnection->query('select * from t...')
#4 D:\work\PrinterHrSite\code\webserver\printerhrserver\app\Services\Impl\OrderService.php(38): App\Models\OrderModel->queryOrders(Array)
#5 D:\work\PrinterHrSite\code\webserver\printerhrserver\app\Controllers\OrderController.php(18): App\Services\Impl\OrderService->queryOrders(Array)
#6 D:\work\PrinterHrSite\code\webserver\printerhrserver\system\CodeIgniter.php(910): App\Controllers\OrderController->index()
#7 D:\work\PrinterHrSite\code\webserver\printerhrserver\system\CodeIgniter.php(398): CodeIgniter\CodeIgniter->runController(Object(App\Controllers\OrderController))
#8 D:\work\PrinterHrSite\code\webserver\printerhrserver\system\CodeIgniter.php(306): CodeIgniter\CodeIgniter->handleRequest(NULL, Object(Config\Cache), false)
#9 D:\work\PrinterHrSite\code\webserver\printerhrserver\public\index.php(45): CodeIgniter\CodeIgniter->run()
#10 {main}
INFO - 2020-04-02 20:33:28 --> Controller "App\Controllers\OrderController" loaded.
CRITICAL - 2020-04-02 20:33:28 --> You have an error in your SQL syntax; check the manual that corresponds to your MySQL server version for the right syntax to use near ''0' '10'' at line 1
#0 D:\work\PrinterHrSite\code\webserver\printerhrserver\system\Database\MySQLi\Connection.php(330): mysqli->query('select * from t...')
#1 D:\work\PrinterHrSite\code\webserver\printerhrserver\system\Database\BaseConnection.php(738): CodeIgniter\Database\MySQLi\Connection->execute('select * from t...')
#2 D:\work\PrinterHrSite\code\webserver\printerhrserver\system\Database\BaseConnection.php(666): CodeIgniter\Database\BaseConnection->simpleQuery('select * from t...')
#3 D:\work\PrinterHrSite\code\webserver\printerhrserver\app\Models\OrderModel.php(61): CodeIgniter\Database\BaseConnection->query('select * from t...')
#4 D:\work\PrinterHrSite\code\webserver\printerhrserver\app\Services\Impl\OrderService.php(38): App\Models\OrderModel->queryOrders(Array)
#5 D:\work\PrinterHrSite\code\webserver\printerhrserver\app\Controllers\OrderController.php(18): App\Services\Impl\OrderService->queryOrders(Array)
#6 D:\work\PrinterHrSite\code\webserver\printerhrserver\system\CodeIgniter.php(910): App\Controllers\OrderController->index()
#7 D:\work\PrinterHrSite\code\webserver\printerhrserver\system\CodeIgniter.php(398): CodeIgniter\CodeIgniter->runController(Object(App\Controllers\OrderController))
#8 D:\work\PrinterHrSite\code\webserver\printerhrserver\system\CodeIgniter.php(306): CodeIgniter\CodeIgniter->handleRequest(NULL, Object(Config\Cache), false)
#9 D:\work\PrinterHrSite\code\webserver\printerhrserver\public\index.php(45): CodeIgniter\CodeIgniter->run()
#10 {main}
INFO - 2020-04-02 20:35:41 --> Controller "App\Controllers\OrderController" loaded.
CRITICAL - 2020-04-02 20:35:41 --> You have an error in your SQL syntax; check the manual that corresponds to your MySQL server version for the right syntax to use near '10' at line 1
#0 D:\work\PrinterHrSite\code\webserver\printerhrserver\system\Database\MySQLi\Connection.php(330): mysqli->query('select * from t...')
#1 D:\work\PrinterHrSite\code\webserver\printerhrserver\system\Database\BaseConnection.php(738): CodeIgniter\Database\MySQLi\Connection->execute('select * from t...')
#2 D:\work\PrinterHrSite\code\webserver\printerhrserver\system\Database\BaseConnection.php(666): CodeIgniter\Database\BaseConnection->simpleQuery('select * from t...')
#3 D:\work\PrinterHrSite\code\webserver\printerhrserver\app\Models\OrderModel.php(61): CodeIgniter\Database\BaseConnection->query('select * from t...')
#4 D:\work\PrinterHrSite\code\webserver\printerhrserver\app\Services\Impl\OrderService.php(38): App\Models\OrderModel->queryOrders(Array)
#5 D:\work\PrinterHrSite\code\webserver\printerhrserver\app\Controllers\OrderController.php(18): App\Services\Impl\OrderService->queryOrders(Array)
#6 D:\work\PrinterHrSite\code\webserver\printerhrserver\system\CodeIgniter.php(910): App\Controllers\OrderController->index()
#7 D:\work\PrinterHrSite\code\webserver\printerhrserver\system\CodeIgniter.php(398): CodeIgniter\CodeIgniter->runController(Object(App\Controllers\OrderController))
#8 D:\work\PrinterHrSite\code\webserver\printerhrserver\system\CodeIgniter.php(306): CodeIgniter\CodeIgniter->handleRequest(NULL, Object(Config\Cache), false)
#9 D:\work\PrinterHrSite\code\webserver\printerhrserver\public\index.php(45): CodeIgniter\CodeIgniter->run()
#10 {main}
INFO - 2020-04-02 20:37:25 --> Controller "App\Controllers\OrderController" loaded.
INFO - 2020-04-02 20:38:28 --> Controller "App\Controllers\OrderController" loaded.
INFO - 2020-04-02 20:39:01 --> Controller "App\Controllers\OrderController" loaded.
INFO - 2020-04-02 20:40:07 --> Controller "App\Controllers\OrderController" loaded.
INFO - 2020-04-02 20:40:24 --> Controller "App\Controllers\OrderController" loaded.
INFO - 2020-04-02 20:40:49 --> Controller "App\Controllers\OrderController" loaded.
INFO - 2020-04-02 20:40:50 --> Controller "App\Controllers\OrderController" loaded.
INFO - 2020-04-02 20:41:05 --> Controller "App\Controllers\OrderController" loaded.
INFO - 2020-04-02 20:42:51 --> Controller "App\Controllers\OrderController" loaded.
INFO - 2020-04-02 20:42:54 --> Controller "App\Controllers\OrderController" loaded.
INFO - 2020-04-02 20:43:30 --> Controller "App\Controllers\OrderController" loaded.
INFO - 2020-04-02 20:44:24 --> Controller "App\Controllers\OrderController" loaded.
INFO - 2020-04-02 20:44:47 --> Controller "App\Controllers\OrderController" loaded.
CRITICAL - 2020-04-02 20:44:47 --> json_decode() expects parameter 1 to be string, object given
#0 [internal function]: CodeIgniter\Debug\Exceptions->errorHandler(2, 'json_decode() e...', 'D:\\work\\Printer...', 61, Array)
#1 D:\work\PrinterHrSite\code\webserver\printerhrserver\app\Models\OrderModel.php(61): json_decode(Object(CodeIgniter\Database\MySQLi\Result))
#2 D:\work\PrinterHrSite\code\webserver\printerhrserver\app\Services\Impl\OrderService.php(38): App\Models\OrderModel->queryOrders(Array)
#3 D:\work\PrinterHrSite\code\webserver\printerhrserver\app\Controllers\OrderController.php(19): App\Services\Impl\OrderService->queryOrders(Array)
#4 D:\work\PrinterHrSite\code\webserver\printerhrserver\system\CodeIgniter.php(910): App\Controllers\OrderController->index()
#5 D:\work\PrinterHrSite\code\webserver\printerhrserver\system\CodeIgniter.php(398): CodeIgniter\CodeIgniter->runController(Object(App\Controllers\OrderController))
#6 D:\work\PrinterHrSite\code\webserver\printerhrserver\system\CodeIgniter.php(306): CodeIgniter\CodeIgniter->handleRequest(NULL, Object(Config\Cache), false)
#7 D:\work\PrinterHrSite\code\webserver\printerhrserver\public\index.php(45): CodeIgniter\CodeIgniter->run()
#8 {main}
INFO - 2020-04-02 20:45:02 --> Controller "App\Controllers\OrderController" loaded.
INFO - 2020-04-02 20:46:31 --> Controller "App\Controllers\OrderController" loaded.
INFO - 2020-04-02 20:46:51 --> Controller "App\Controllers\OrderController" loaded.
INFO - 2020-04-02 20:47:12 --> Controller "App\Controllers\OrderController" loaded.
INFO - 2020-04-02 20:47:17 --> Controller "App\Controllers\OrderController" loaded.
INFO - 2020-04-02 20:47:22 --> Controller "App\Controllers\OrderController" loaded.
CRITICAL - 2020-04-02 20:47:22 --> Undefined index: companyId
#0 D:\work\PrinterHrSite\code\webserver\printerhrserver\app\Models\OrderModel.php(58): CodeIgniter\Debug\Exceptions->errorHandler(8, 'Undefined index...', 'D:\\work\\Printer...', 58, Array)
#1 D:\work\PrinterHrSite\code\webserver\printerhrserver\app\Services\Impl\OrderService.php(38): App\Models\OrderModel->queryOrders(Array)
#2 D:\work\PrinterHrSite\code\webserver\printerhrserver\app\Controllers\OrderController.php(19): App\Services\Impl\OrderService->queryOrders(Array)
#3 D:\work\PrinterHrSite\code\webserver\printerhrserver\system\CodeIgniter.php(910): App\Controllers\OrderController->index()
#4 D:\work\PrinterHrSite\code\webserver\printerhrserver\system\CodeIgniter.php(398): CodeIgniter\CodeIgniter->runController(Object(App\Controllers\OrderController))
#5 D:\work\PrinterHrSite\code\webserver\printerhrserver\system\CodeIgniter.php(306): CodeIgniter\CodeIgniter->handleRequest(NULL, Object(Config\Cache), false)
#6 D:\work\PrinterHrSite\code\webserver\printerhrserver\public\index.php(45): CodeIgniter\CodeIgniter->run()
#7 {main}
INFO - 2020-04-02 20:50:12 --> Controller "App\Controllers\OrderController" loaded.
INFO - 2020-04-02 20:56:39 --> Controller "App\Controllers\OrderController" loaded.
INFO - 2020-04-02 20:57:06 --> Controller "App\Controllers\OrderController" loaded.
INFO - 2020-04-02 20:57:38 --> Controller "App\Controllers\OrderController" loaded.
INFO - 2020-04-02 20:58:16 --> Controller "App\Controllers\OrderController" loaded.
INFO - 2020-04-02 21:06:15 --> Controller "App\Controllers\OrderController" loaded.
INFO - 2020-04-02 21:08:09 --> Controller "App\Controllers\OrderController" loaded.
INFO - 2020-04-02 21:08:18 --> Controller "App\Controllers\OrderController" loaded.
INFO - 2020-04-02 21:27:26 --> Controller "App\Controllers\CheckoutController" loaded.
INFO - 2020-04-02 21:27:26 --> sfasfa11
INFO - 2020-04-02 21:27:26 --> {"orderId":"123","paymentStatus":12,"companyId":"123","paymentAmount":22,"createTime":"2020-2-20"}
INFO - 2020-04-02 21:27:26 --> test111
INFO - 2020-04-02 21:28:39 --> Controller "App\Controllers\CheckoutController" loaded.
INFO - 2020-04-02 21:28:39 --> sfasfa11
CRITICAL - 2020-04-02 21:28:39 --> Argument 3 passed to log_message() must be of the type array, object given, called in D:\work\PrinterHrSite\code\webserver\printerhrserver\app\Controllers\CheckoutController.php on line 21
#0 D:\work\PrinterHrSite\code\webserver\printerhrserver\app\Controllers\CheckoutController.php(21): log_message('info', '{"orderId":"123...', Object(stdClass))
#1 D:\work\PrinterHrSite\code\webserver\printerhrserver\system\CodeIgniter.php(910): App\Controllers\CheckoutController->create()
#2 D:\work\PrinterHrSite\code\webserver\printerhrserver\system\CodeIgniter.php(398): CodeIgniter\CodeIgniter->runController(Object(App\Controllers\CheckoutController))
#3 D:\work\PrinterHrSite\code\webserver\printerhrserver\system\CodeIgniter.php(306): CodeIgniter\CodeIgniter->handleRequest(NULL, Object(Config\Cache), false)
#4 D:\work\PrinterHrSite\code\webserver\printerhrserver\public\index.php(45): CodeIgniter\CodeIgniter->run()
#5 {main}
INFO - 2020-04-02 21:29:50 --> Controller "App\Controllers\CheckoutController" loaded.
INFO - 2020-04-02 21:29:50 --> sfasfa11
INFO - 2020-04-02 21:29:50 --> {"orderId":"123","paymentStatus":12,"companyId":"123","paymentAmount":22,"createTime":"2020-2-20"}
INFO - 2020-04-02 21:29:50 --> test111
INFO - 2020-04-02 21:30:42 --> Controller "App\Controllers\CheckoutController" loaded.
INFO - 2020-04-02 21:30:42 --> sfasfa11
INFO - 2020-04-02 21:30:42 --> {"orderId":"123","paymentStatus":12,"companyId":"123","paymentAmount":22,"createTime":"2020-2-20"}
INFO - 2020-04-02 21:30:42 --> test111
INFO - 2020-04-02 21:31:14 --> Controller "App\Controllers\CheckoutController" loaded.
INFO - 2020-04-02 21:31:14 --> testest
INFO - 2020-04-02 21:31:14 --> test111
INFO - 2020-04-02 21:33:17 --> Controller "App\Controllers\CheckoutController" loaded.
INFO - 2020-04-02 21:33:17 --> testest 123
INFO - 2020-04-02 21:33:17 --> test111
INFO - 2020-04-02 08:37:21 --> Controller "App\Controllers\PaymentController" loaded.
INFO - 2020-04-02 08:37:21 --> {"orderId":"123","paymentStatus":12,"companyId":"123","paymentAmount":22,"createTime":"2020-2-20"}
INFO - 2020-04-02 08:37:34 --> Controller "App\Controllers\PaymentController" loaded.
INFO - 2020-04-02 08:37:34 --> {"orderId":"123","paymentStatus":12,"companyId":"123","paymentAmount":22,"createTime":"2020-2-20"}
