INFO - 2020-04-01 09:15:58 --> Controller "App\Controllers\Home" loaded.
INFO - 2020-04-01 22:16:00 --> Controller "App\Controllers\CheckoutController" loaded.
INFO - 2020-04-01 22:16:00 --> sfasfa11
INFO - 2020-04-01 22:16:00 --> test111
INFO - 2020-04-01 09:22:42 --> Controller "App\Controllers\Home" loaded.
INFO - 2020-04-01 22:22:45 --> Controller "App\Controllers\CheckoutController" loaded.
INFO - 2020-04-01 22:22:45 --> sfasfa11
INFO - 2020-04-01 22:22:45 --> test111
INFO - 2020-04-01 09:23:40 --> Controller "App\Controllers\Home" loaded.
INFO - 2020-04-01 22:23:42 --> Controller "App\Controllers\CheckoutController" loaded.
INFO - 2020-04-01 22:23:42 --> sfasfa11
INFO - 2020-04-01 22:23:42 --> test111
INFO - 2020-04-01 22:23:56 --> Controller "App\Controllers\CheckoutController" loaded.
INFO - 2020-04-01 22:23:56 --> sfasfa11
INFO - 2020-04-01 22:23:56 --> test111
INFO - 2020-04-01 09:26:39 --> Controller "App\Controllers\Home" loaded.
INFO - 2020-04-01 22:26:41 --> Controller "App\Controllers\CheckoutController" loaded.
INFO - 2020-04-01 22:26:41 --> sfasfa11
INFO - 2020-04-01 22:26:41 --> test111
INFO - 2020-04-01 09:29:05 --> Controller "App\Controllers\Home" loaded.
INFO - 2020-04-01 22:29:07 --> Controller "App\Controllers\CheckoutController" loaded.
INFO - 2020-04-01 22:29:07 --> sfasfa11
INFO - 2020-04-01 22:29:07 --> test111
INFO - 2020-04-01 09:30:15 --> Controller "App\Controllers\Home" loaded.
INFO - 2020-04-01 22:30:17 --> Controller "App\Controllers\CheckoutController" loaded.
INFO - 2020-04-01 22:30:17 --> sfasfa11
INFO - 2020-04-01 22:30:17 --> test111
INFO - 2020-04-01 09:33:09 --> Controller "App\Controllers\Home" loaded.
INFO - 2020-04-01 09:34:34 --> Controller "App\Controllers\Home" loaded.
INFO - 2020-04-01 22:34:36 --> Controller "App\Controllers\CheckoutController" loaded.
INFO - 2020-04-01 22:34:36 --> sfasfa11
INFO - 2020-04-01 22:34:36 --> test111
INFO - 2020-04-01 09:35:34 --> Controller "App\Controllers\Home" loaded.
INFO - 2020-04-01 22:35:37 --> Controller "App\Controllers\CheckoutController" loaded.
INFO - 2020-04-01 22:35:37 --> sfasfa11
INFO - 2020-04-01 22:35:37 --> test111
INFO - 2020-04-01 09:36:52 --> Controller "App\Controllers\Home" loaded.
INFO - 2020-04-01 22:36:55 --> Controller "App\Controllers\CheckoutController" loaded.
INFO - 2020-04-01 22:36:55 --> sfasfa11
INFO - 2020-04-01 22:36:55 --> test111
INFO - 2020-04-01 09:37:58 --> Controller "App\Controllers\Home" loaded.
INFO - 2020-04-01 22:37:59 --> Controller "App\Controllers\CheckoutController" loaded.
INFO - 2020-04-01 22:37:59 --> sfasfa11
INFO - 2020-04-01 22:37:59 --> test111
INFO - 2020-04-01 22:38:43 --> Controller "App\Controllers\CheckoutController" loaded.
INFO - 2020-04-01 22:38:43 --> sfasfa11
INFO - 2020-04-01 22:38:43 --> test111
INFO - 2020-04-01 10:07:00 --> Controller "App\Controllers\Home" loaded.
INFO - 2020-04-01 23:07:01 --> Controller "App\Controllers\CheckoutController" loaded.
INFO - 2020-04-01 23:07:01 --> sfasfa11
INFO - 2020-04-01 23:07:01 --> test111
INFO - 2020-04-01 10:07:17 --> Controller "App\Controllers\Home" loaded.
INFO - 2020-04-01 23:07:18 --> Controller "App\Controllers\CheckoutController" loaded.
INFO - 2020-04-01 23:07:18 --> sfasfa11
INFO - 2020-04-01 23:07:18 --> test111
INFO - 2020-04-01 10:08:15 --> Controller "App\Controllers\Home" loaded.
INFO - 2020-04-01 23:08:17 --> Controller "App\Controllers\CheckoutController" loaded.
INFO - 2020-04-01 23:08:17 --> sfasfa11
INFO - 2020-04-01 23:08:17 --> test111
INFO - 2020-04-01 10:09:25 --> Controller "App\Controllers\Home" loaded.
INFO - 2020-04-01 23:09:27 --> Controller "App\Controllers\CheckoutController" loaded.
INFO - 2020-04-01 23:09:27 --> sfasfa11
INFO - 2020-04-01 23:09:27 --> test111
INFO - 2020-04-01 10:11:01 --> Controller "App\Controllers\Home" loaded.
INFO - 2020-04-01 23:11:03 --> Controller "App\Controllers\CheckoutController" loaded.
INFO - 2020-04-01 23:11:03 --> sfasfa11
INFO - 2020-04-01 23:11:03 --> test111
INFO - 2020-04-01 10:11:42 --> Controller "App\Controllers\Home" loaded.
INFO - 2020-04-01 23:11:44 --> Controller "App\Controllers\CheckoutController" loaded.
INFO - 2020-04-01 23:11:44 --> sfasfa11
INFO - 2020-04-01 23:11:44 --> test111
INFO - 2020-04-01 10:13:47 --> Controller "App\Controllers\Home" loaded.
INFO - 2020-04-01 23:13:48 --> Controller "App\Controllers\CheckoutController" loaded.
INFO - 2020-04-01 23:13:48 --> sfasfa11
INFO - 2020-04-01 23:13:48 --> test111
INFO - 2020-04-01 10:25:31 --> Controller "App\Controllers\Home" loaded.
INFO - 2020-04-01 10:43:25 --> Controller "App\Controllers\Home" loaded.
INFO - 2020-04-01 10:43:25 --> This is the ltest for iis
INFO - 2020-04-01 10:43:43 --> Controller "App\Controllers\Home" loaded.
INFO - 2020-04-01 10:43:43 --> This is the ltest for iis
INFO - 2020-04-01 10:43:50 --> Controller "App\Controllers\Home" loaded.
INFO - 2020-04-01 10:43:50 --> This is the ltest for iis
INFO - 2020-04-01 10:57:29 --> Controller "App\Controllers\Home" loaded.
INFO - 2020-04-01 10:57:29 --> This is the ltest for iis
INFO - 2020-04-01 10:57:35 --> Used the default controller.
INFO - 2020-04-01 10:57:35 --> Controller "App\Controllers\Home" loaded.
INFO - 2020-04-01 10:57:35 --> This is the ltest for iis
INFO - 2020-04-01 10:57:38 --> Used the default controller.
INFO - 2020-04-01 10:57:38 --> Controller "App\Controllers\Home" loaded.
INFO - 2020-04-01 10:57:38 --> This is the ltest for iis
INFO - 2020-04-01 10:58:55 --> Controller "App\Controllers\Home" loaded.
INFO - 2020-04-01 10:58:55 --> This is the ltest for iis
INFO - 2020-04-01 23:59:13 --> Controller "App\Controllers\CheckoutController" loaded.
INFO - 2020-04-01 23:59:13 --> sfasfa11
INFO - 2020-04-01 23:59:13 --> test111
INFO - 2020-04-01 11:02:25 --> Controller "App\Controllers\Home" loaded.
INFO - 2020-04-01 11:02:25 --> This is the ltest for iis
INFO - 2020-04-01 11:03:01 --> Controller "App\Controllers\Home" loaded.
INFO - 2020-04-01 11:03:01 --> This is the ltest for iis
